GET /api/v1/products/ - 2024-04-24 09:21:27
GET /api/v1/products/731085fc268c4a94966bcd1bc7c0e993 - 2024-04-24 09:22:21
GET /api/v1/products/731085fc268c4a94966bcd1bc7c0e99 - 2024-04-24 09:39:12
GET /api/v1/products/731085fc268c4a94966bcd1bc7c0e99 - 2024-04-24 09:40:20
GET /api/v1/products/ - 2024-04-24 09:47:48
GET /api/v1/products/ - 2024-04-24 09:48:12
GET /api/v1/products/ - 2024-04-24 09:49:01
GET /api/v1/products/731085fc268c4a94966bcd1bc7c0e99 - 2024-04-24 09:49:04
GET /api/v1/products/731085fc268c4a94966bcd1bc7c0e993 - 2024-04-24 09:49:08
POST /api/v1/products - 2024-04-24 09:50:38
POST /api/v1/products - 2024-04-24 09:57:40
GET /api/v1/products/ - 2024-04-24 09:58:12
PUT /api/v1/products/1814089f9a524b9cbe3dc1189ee8da5a - 2024-04-24 10:29:29
DELETE /api/v1/products/1814089f9a524b9cbe3dc1189ee8da5a - 2024-04-24 10:40:45
POST /api/v1/products - 2024-04-24 10:41:18
PUT /api/v1/products/1814089f9a524b9cbe3dc1189ee8da5a - 2024-04-24 10:42:07
PUT /api/v1/products/b4382b087f8b453897a68c907d9332f8 - 2024-04-24 10:42:46
PATCH /api/v1/products/b4382b087f8b453897a68c907d9332f8 - 2024-04-24 10:43:45
GET /api/v1/customers - 2024-04-24 11:04:13
GET /api/v1/customers/659af2eb301084f201936372 - 2024-04-24 11:11:54
POST /api/v1/customers - 2024-04-24 11:19:56
GET /api/v1/customers/8f1ef4d754f3458196a86077b4f45528 - 2024-04-24 11:20:43
GET /api/v1/customers - 2024-04-24 11:20:48
GET /api/v1/customers - 2024-04-24 11:26:09
PATCH /api/v1/customers/8f1ef4d754f3458196a86077b4f45528 - 2024-04-24 11:26:50
DELETE /api/v1/customers/8f1ef4d754f3458196a86077b4f45528 - 2024-04-24 11:30:21
GET /api/v1/customers/8f1ef4d754f3458196a86077b4f45528 - 2024-04-24 11:39:46
GET /api/v1/customers - 2024-04-24 11:39:51
POST /api/v1/customers - 2024-04-24 11:39:57
GET /api/v1/customers/e854c5b36f794708a713297c3ba597e0 - 2024-04-24 11:40:08
PUT /api/v1/customers/e854c5b36f794708a713297c3ba597e0 - 2024-04-24 11:40:19
PUT /api/v1/customers/e854c5b36f794708a713297c3ba597e0 - 2024-04-24 11:41:05
PUT /api/v1/customers/e854c5b36f794708a713297c3ba597e0 - 2024-04-24 11:42:46
