GET /api/v1/products/ - 2024-04-24 09:21:27
GET /api/v1/products/731085fc268c4a94966bcd1bc7c0e993 - 2024-04-24 09:22:21
GET /api/v1/products/731085fc268c4a94966bcd1bc7c0e99 - 2024-04-24 09:39:12
GET /api/v1/products/731085fc268c4a94966bcd1bc7c0e99 - 2024-04-24 09:40:20
GET /api/v1/products/ - 2024-04-24 09:47:48
GET /api/v1/products/ - 2024-04-24 09:48:12
GET /api/v1/products/ - 2024-04-24 09:49:01
GET /api/v1/products/731085fc268c4a94966bcd1bc7c0e99 - 2024-04-24 09:49:04
GET /api/v1/products/731085fc268c4a94966bcd1bc7c0e993 - 2024-04-24 09:49:08
POST /api/v1/products - 2024-04-24 09:50:38
POST /api/v1/products - 2024-04-24 09:57:40
GET /api/v1/products/ - 2024-04-24 09:58:12
PUT /api/v1/products/1814089f9a524b9cbe3dc1189ee8da5a - 2024-04-24 10:29:29
DELETE /api/v1/products/1814089f9a524b9cbe3dc1189ee8da5a - 2024-04-24 10:40:45
POST /api/v1/products - 2024-04-24 10:41:18
PUT /api/v1/products/1814089f9a524b9cbe3dc1189ee8da5a - 2024-04-24 10:42:07
PUT /api/v1/products/b4382b087f8b453897a68c907d9332f8 - 2024-04-24 10:42:46
PATCH /api/v1/products/b4382b087f8b453897a68c907d9332f8 - 2024-04-24 10:43:45
GET /api/v1/customers - 2024-04-24 11:04:13
GET /api/v1/customers/659af2eb301084f201936372 - 2024-04-24 11:11:54
POST /api/v1/customers - 2024-04-24 11:19:56
GET /api/v1/customers/8f1ef4d754f3458196a86077b4f45528 - 2024-04-24 11:20:43
GET /api/v1/customers - 2024-04-24 11:20:48
GET /api/v1/customers - 2024-04-24 11:26:09
PATCH /api/v1/customers/8f1ef4d754f3458196a86077b4f45528 - 2024-04-24 11:26:50
DELETE /api/v1/customers/8f1ef4d754f3458196a86077b4f45528 - 2024-04-24 11:30:21
GET /api/v1/customers/8f1ef4d754f3458196a86077b4f45528 - 2024-04-24 11:39:46
GET /api/v1/customers - 2024-04-24 11:39:51
POST /api/v1/customers - 2024-04-24 11:39:57
GET /api/v1/customers/e854c5b36f794708a713297c3ba597e0 - 2024-04-24 11:40:08
PUT /api/v1/customers/e854c5b36f794708a713297c3ba597e0 - 2024-04-24 11:40:19
PUT /api/v1/customers/e854c5b36f794708a713297c3ba597e0 - 2024-04-24 11:41:05
PUT /api/v1/customers/e854c5b36f794708a713297c3ba597e0 - 2024-04-24 11:42:46
GET /api/v1/customers/e854c5b36f794708a713297c3ba597e0 - 2024-04-24 11:47:24
GET /api/v1/customers - 2024-04-24 11:47:39
GET /api/v1/customers/e854c5b36f794708a713297c3ba597e0 - 2024-04-24 11:47:51
GET /api/v1/customers/e854c5b36f794708a713297c3ba597e0 - 2024-04-24 11:48:04
GET /api/v1/customers/e854c5b36f794708a713297c3ba597e0 - 2024-04-24 11:49:31
GET /api/v1/customers/e854c5b36f794708a713297c3ba597e0 - 2024-04-24 11:50:10
GET /api/v1/customers/e854c5b36f794708a713297c3ba597e0 - 2024-04-24 11:51:41
GET /api/v1/customers/e854c5b36f794708a713297c3ba597e0 - 2024-04-24 11:53:29
GET /api/v1/customers/e854c5b36f794708a713297c3ba597e - 2024-04-24 11:53:35
GET /api/v1/customers/e854c5b36f794708a713297c3ba597e - 2024-04-24 11:54:10
GET /api/v1/customers/e854c5b36f794708a713297c3ba597e - 2024-04-24 11:56:01
GET /api/v1/customers/e854c5b36f794708a713297c3ba597e - 2024-04-24 11:56:36
GET /api/v1/customers/e854c5b36f794708a713297c3ba597e - 2024-04-24 11:57:48
GET /api/v1/customers/e854c5b36f794708a713297c3ba597e - 2024-04-24 12:01:06
GET /api/v1/customers/e854c5b36f794708a713297c3ba597e - 2024-04-24 12:02:57
GET /api/v1/customers/e854c5b36f794708a713297c3ba597e - 2024-04-24 12:04:40
GET /api/v1/customers/e854c5b36f794708a713297c3ba597e - 2024-04-24 12:05:26
GET /api/v1/customers/e854c5b36f794708a713297c3ba597e0 - 2024-04-24 12:05:32
GET /api/v1/customers - 2024-04-24 14:01:54
GET /api/v1/customers/659af2eb301084f201936372 - 2024-04-24 14:02:10
POST /api/v1/customers - 2024-04-24 14:02:16
PUT /api/v1/customers/11ccabcc9aba4fb9a0230c55794dd355 - 2024-04-24 14:02:28
PATCH /api/v1/customers/11ccabcc9aba4fb9a0230c55794dd355 - 2024-04-24 14:02:36
DELETE /api/v1/customers/11ccabcc9aba4fb9a0230c55794dd355 - 2024-04-24 14:02:43
GET /api/v1/customers/659af2eb301084f201936372 - 2024-04-24 14:02:48
GET /api/v1/customers/11ccabcc9aba4fb9a0230c55794dd355 - 2024-04-24 14:03:02
PUT /api/v1/customers/11ccabcc9aba4fb9a0230c55794dd355 - 2024-04-24 14:03:10
PATCH /api/v1/customers/11ccabcc9aba4fb9a0230c55794dd355 - 2024-04-24 14:03:14
GET /api/v1/products/ - 2024-04-25 09:26:56
GET /api/v1/products/731085fc268c4a94966bcd1bc7c0e993 - 2024-04-25 09:27:08
GET /api/v1/products/731085fc268c4a94966bcd1bc7c0e993 - 2024-04-25 09:34:26
GET /api/v1/products/731085fc268c4a94966bcd1bc7c0e993 - 2024-04-25 09:45:34
GET /api/v1/products/731085fc268c4a94966bcd1bc7c0e99 - 2024-04-25 09:46:02
GET /api/v1/products/731085fc268c4a94966bcd1bc7c0e993 - 2024-04-25 09:46:16
GET /api/v1/products/731085fc268c4a94966bcd1bc7c0e993 - 2024-04-25 09:48:33
GET /api/v1/products/ - 2024-04-25 09:52:52
GET /api/v2/products/ - 2024-04-25 09:53:01
GET /api/v2/products/ - 2024-04-25 09:55:56
GET /api/v1/products/ - 2024-04-25 09:56:01
GET /api/v1/products/731085fc268c4a94966bcd1bc7c0e993 - 2024-04-25 09:56:40
GET /api/v1/products/731085fc268c4a94966bcd1bc7c0e99 - 2024-04-25 09:56:45
GET /api/v1/products/ - 2024-04-25 09:57:34
GET /api/v2/products/ - 2024-04-25 09:57:38
GET /api/v1/products/ - 2024-04-25 09:57:41
GET /api/v1/products/ - 2024-04-25 10:03:05
PATCH /api/v1/products/b4382b087f8b453897a68c907d9332f8 - 2024-04-25 10:03:22
PATCH /api/v1/products/b4382b087f8b453897a68c907d9332f - 2024-04-25 10:03:39
PATCH /api/v1/products/b4382b087f8b453897a68c907d9332f8 - 2024-04-25 10:03:48
PATCH /api/v2/products/b4382b087f8b453897a68c907d9332f8 - 2024-04-25 10:03:52
GET /api/v1/products/ - 2024-04-25 11:07:01
GET /api/v1/products/ - 2024-04-25 13:37:24
GET /api/v1/products/731085fc268c4a94966bcd1bc7c0e99 - 2024-04-25 13:37:27
GET /api/v1/products/731085fc268c4a94966bcd1bc7c0e993 - 2024-04-25 13:37:31
GET /api/v1/customers - 2024-04-25 13:37:36
GET /api/v1/customers/659af2eb301084f201936372 - 2024-04-25 13:37:40
POST /api/v1/products - 2024-04-25 13:37:55
PUT /api/v1/products/de3605f491174d658e59a2b4e8543488 - 2024-04-25 13:38:12
GET /api/v1/products/de3605f491174d658e59a2b4e8543488 - 2024-04-25 13:38:39
GET /api/v1/products/de3605f491174d658e59a2b4e854348 - 2024-04-25 13:44:22
GET /api/v2/products/de3605f491174d658e59a2b4e854348 - 2024-04-25 13:44:31
